<?xml version="1.0" encoding="UTF-8"?>
<!-- Generated by org.testng.reporters.JUnitReportReporter -->
<testsuite skipped="1" hostname="MusabayTechCorp" name="com.selenium.greatcourses.tests.WindowHandlesTest" tests="2" failures="0" timestamp="31 Aug 2019 19:30:19 GMT" time="55.066" errors="0">
  <testcase name="uploadFileTest" time="55.066" classname="com.selenium.greatcourses.tests.WindowHandlesTest"/>
  <testcase name="tryWindowHandles" classname="com.selenium.greatcourses.tests.WindowHandlesTest">
    <skipped/>
  </testcase> <!-- tryWindowHandles -->
</testsuite> <!-- com.selenium.greatcourses.tests.WindowHandlesTest -->
